{
  "stats": {
    "suites": 1,
    "tests": 2,
    "passes": 2,
    "pending": 0,
    "failures": 0,
    "start": "2022-03-16T04:58:46.042Z",
    "end": "2022-03-16T04:59:14.764Z",
    "duration": 28722,
    "testsRegistered": 2,
    "passPercent": 100,
    "pendingPercent": 0,
    "other": 0,
    "hasOther": false,
    "skipped": 0,
    "hasSkipped": false
  },
  "results": [
    {
      "uuid": "d5d1f322-85fd-4fd9-8a39-6fd039f1457d",
      "title": "",
      "fullFile": "cypress/integration/main.js",
      "file": "cypress/integration/main.js",
      "beforeHooks": [],
      "afterHooks": [],
      "tests": [],
      "suites": [
        {
          "uuid": "0476c811-fc8e-45d2-bb2c-e15a5c5b3266",
          "title": "Khaadi Home Page",
          "fullFile": "",
          "file": "",
          "beforeHooks": [],
          "afterHooks": [],
          "tests": [
            {
              "title": "Visiting site ",
              "fullTitle": "Khaadi Home Page Visiting site ",
              "timedOut": null,
              "duration": 9463,
              "state": "passed",
              "speed": "medium",
              "pass": true,
              "fail": false,
              "pending": false,
              "context": null,
              "code": "cy.visit(getvalue.baseURL);",
              "err": {},
              "uuid": "feeb428f-13f3-44dc-ab6d-d44e66ba8775",
              "parentUUID": "0476c811-fc8e-45d2-bb2c-e15a5c5b3266",
              "isHook": false,
              "skipped": false
            },
            {
              "title": "Testing Top Ticker",
              "fullTitle": "Khaadi Home Page Testing Top Ticker",
              "timedOut": null,
              "duration": 16345,
              "state": "passed",
              "speed": "slow",
              "pass": true,
              "fail": false,
              "pending": false,
              "context": null,
              "code": "ticker.tickerExist();\nticker.tickerText();\nticker.shopNow();",
              "err": {},
              "uuid": "ed5512bc-d438-4949-8505-867eb28320a1",
              "parentUUID": "0476c811-fc8e-45d2-bb2c-e15a5c5b3266",
              "isHook": false,
              "skipped": false
            }
          ],
          "suites": [],
          "passes": [
            "feeb428f-13f3-44dc-ab6d-d44e66ba8775",
            "ed5512bc-d438-4949-8505-867eb28320a1"
          ],
          "failures": [],
          "pending": [],
          "skipped": [],
          "duration": 25808,
          "root": false,
          "rootEmpty": false,
          "_timeout": 2000
        }
      ],
      "passes": [],
      "failures": [],
      "pending": [],
      "skipped": [],
      "duration": 0,
      "root": true,
      "rootEmpty": true,
      "_timeout": 2000
    }
  ],
  "meta": {
    "mocha": {
      "version": "7.0.1"
    },
    "mochawesome": {
      "options": {
        "quiet": false,
        "reportFilename": "mochawesome",
        "saveHtml": false,
        "saveJson": true,
        "consoleReporter": "spec",
        "useInlineDiffs": false,
        "code": true
      },
      "version": "7.1.2"
    },
    "marge": {
      "options": {
        "reportDir": "cypress\\reports\\.jsons",
        "charts": true,
        "reportPageTitle": "Khaadi",
        "embeddedScreenshots": true,
        "inlineAssets": true,
        "overwrite": false,
        "html": false,
        "json": true
      },
      "version": "6.1.1"
    }
  }
}